<?xml version="1.0" encoding="UTF-8"?>
<!-- Generated by org.testng.reporters.JUnitReportReporter -->
<testsuite skipped="0" hostname="DESKTOP-7UGN18I" name="com.assgnmnt.app.model.FileReaderTest" tests="1" failures="0" timestamp="25 Jul 2017 16:35:27 GMT" time="0.011" errors="0">
  <testcase name="testFileContentReader" time="0.011" classname="com.assgnmnt.app.model.FileReaderTest"/>
</testsuite> <!-- com.assgnmnt.app.model.FileReaderTest -->
