<?xml version="1.0" encoding="UTF-8"?>
<!-- Generated by org.testng.reporters.JUnitReportReporter -->
<testsuite skipped="0" hostname="DESKTOP-7UGN18I" name="com.assgnmnt.app.util.SatisfactionDeterminatorTest" tests="1" failures="0" timestamp="25 Jul 2017 18:26:37 GMT" time="0.149" errors="0">
  <testcase name="testFindMaximumSatisfationWithinTime" time="0.149" classname="com.assgnmnt.app.util.SatisfactionDeterminatorTest"/>
</testsuite> <!-- com.assgnmnt.app.util.SatisfactionDeterminatorTest -->
