<?xml version="1.0" encoding="UTF-8"?>
<!-- Generated by org.testng.reporters.JUnitReportReporter -->
<testsuite skipped="0" hostname="DESKTOP-7UGN18I" name="com.assgnmnt.app.util.FileReaderTest" tests="2" failures="0" timestamp="25 Jul 2017 18:26:37 GMT" time="0.013" errors="0">
  <testcase name="testFileContentReader" time="0.008" classname="com.assgnmnt.app.util.FileReaderTest"/>
  <testcase name="testFileContentReaderWithoutContentMetadata" time="0.005" classname="com.assgnmnt.app.util.FileReaderTest"/>
</testsuite> <!-- com.assgnmnt.app.util.FileReaderTest -->
